{"C:\\Users\\alial\\Documents\\exadel\\budgetify\\auth.js": {"path":"C:\\Users\\alial\\Documents\\exadel\\budgetify\\auth.js","statementMap":{"0":{"start":{"line":1,"column":20},"end":{"line":1,"column":52}},"1":{"start":{"line":2,"column":19},"end":{"line":2,"column":53}},"2":{"start":{"line":3,"column":17},"end":{"line":3,"column":36}},"3":{"start":{"line":5,"column":24},"end":{"line":5,"column":45}},"4":{"start":{"line":7,"column":13},"end":{"line":10,"column":1}},"5":{"start":{"line":12,"column":0},"end":{"line":12,"column":49}},"6":{"start":{"line":14,"column":13},"end":{"line":14,"column":61}},"7":{"start":{"line":16,"column":0},"end":{"line":16,"column":27}}},"fnMap":{},"branchMap":{},"s":{"0":1,"1":1,"2":1,"3":1,"4":1,"5":1,"6":1,"7":1},"f":{},"b":{},"_coverageSchema":"1a1c01bbd47fc00a2c39e90264f33305004495a9","hash":"f8a5436635cbc3b4270e270cb6b2436bf3f2c82f"}
,"C:\\Users\\alial\\Documents\\exadel\\budgetify\\guards.js": {"path":"C:\\Users\\alial\\Documents\\exadel\\budgetify\\guards.js","statementMap":{"0":{"start":{"line":1,"column":19},"end":{"line":10,"column":1}},"1":{"start":{"line":2,"column":15},"end":{"line":2,"column":29}},"2":{"start":{"line":5,"column":2},"end":{"line":9,"column":53}},"3":{"start":{"line":5,"column":28},"end":{"line":5,"column":35}},"4":{"start":{"line":7,"column":7},"end":{"line":9,"column":53}},"5":{"start":{"line":7,"column":17},"end":{"line":7,"column":55}},"6":{"start":{"line":9,"column":7},"end":{"line":9,"column":53}},"7":{"start":{"line":12,"column":18},"end":{"line":22,"column":1}},"8":{"start":{"line":13,"column":19},"end":{"line":13,"column":33}},"9":{"start":{"line":14,"column":15},"end":{"line":14,"column":26}},"10":{"start":{"line":17,"column":2},"end":{"line":21,"column":53}},"11":{"start":{"line":17,"column":58},"end":{"line":17,"column":65}},"12":{"start":{"line":18,"column":7},"end":{"line":21,"column":53}},"13":{"start":{"line":19,"column":4},"end":{"line":19,"column":63}},"14":{"start":{"line":20,"column":7},"end":{"line":21,"column":53}},"15":{"start":{"line":20,"column":17},"end":{"line":20,"column":80}},"16":{"start":{"line":21,"column":7},"end":{"line":21,"column":53}},"17":{"start":{"line":24,"column":0},"end":{"line":27,"column":2}}},"fnMap":{"0":{"name":"(anonymous_0)","decl":{"start":{"line":1,"column":19},"end":{"line":1,"column":20}},"loc":{"start":{"line":1,"column":45},"end":{"line":10,"column":1}},"line":1},"1":{"name":"(anonymous_1)","decl":{"start":{"line":12,"column":18},"end":{"line":12,"column":19}},"loc":{"start":{"line":12,"column":44},"end":{"line":22,"column":1}},"line":12}},"branchMap":{"0":{"loc":{"start":{"line":5,"column":2},"end":{"line":9,"column":53}},"type":"if","locations":[{"start":{"line":5,"column":2},"end":{"line":9,"column":53}},{"start":{"line":7,"column":7},"end":{"line":9,"column":53}}],"line":5},"1":{"loc":{"start":{"line":5,"column":6},"end":{"line":5,"column":26}},"type":"binary-expr","locations":[{"start":{"line":5,"column":6},"end":{"line":5,"column":10}},{"start":{"line":5,"column":14},"end":{"line":5,"column":26}}],"line":5},"2":{"loc":{"start":{"line":7,"column":7},"end":{"line":9,"column":53}},"type":"if","locations":[{"start":{"line":7,"column":7},"end":{"line":9,"column":53}},{"start":{"line":9,"column":7},"end":{"line":9,"column":53}}],"line":7},"3":{"loc":{"start":{"line":17,"column":2},"end":{"line":21,"column":53}},"type":"if","locations":[{"start":{"line":17,"column":2},"end":{"line":21,"column":53}},{"start":{"line":18,"column":7},"end":{"line":21,"column":53}}],"line":17},"4":{"loc":{"start":{"line":17,"column":6},"end":{"line":17,"column":56}},"type":"binary-expr","locations":[{"start":{"line":17,"column":6},"end":{"line":17,"column":10}},{"start":{"line":17,"column":14},"end":{"line":17,"column":27}},{"start":{"line":17,"column":31},"end":{"line":17,"column":56}}],"line":17},"5":{"loc":{"start":{"line":18,"column":7},"end":{"line":21,"column":53}},"type":"if","locations":[{"start":{"line":18,"column":7},"end":{"line":21,"column":53}},{"start":{"line":20,"column":7},"end":{"line":21,"column":53}}],"line":18},"6":{"loc":{"start":{"line":18,"column":11},"end":{"line":18,"column":44}},"type":"binary-expr","locations":[{"start":{"line":18,"column":11},"end":{"line":18,"column":15}},{"start":{"line":18,"column":19},"end":{"line":18,"column":44}}],"line":18},"7":{"loc":{"start":{"line":20,"column":7},"end":{"line":21,"column":53}},"type":"if","locations":[{"start":{"line":20,"column":7},"end":{"line":21,"column":53}},{"start":{"line":21,"column":7},"end":{"line":21,"column":53}}],"line":20}},"s":{"0":1,"1":9,"2":9,"3":9,"4":0,"5":0,"6":0,"7":1,"8":0,"9":0,"10":0,"11":0,"12":0,"13":0,"14":0,"15":0,"16":0,"17":1},"f":{"0":9,"1":0},"b":{"0":[9,0],"1":[9,9],"2":[0,0],"3":[0,0],"4":[0,0,0],"5":[0,0],"6":[0,0],"7":[0,0]},"_coverageSchema":"1a1c01bbd47fc00a2c39e90264f33305004495a9","hash":"7ac43dfc1cdc334e4283785c7dde521488b80248"}
,"C:\\Users\\alial\\Documents\\exadel\\budgetify\\passport.js": {"path":"C:\\Users\\alial\\Documents\\exadel\\budgetify\\passport.js","statementMap":{"0":{"start":{"line":1,"column":27},"end":{"line":1,"column":65}},"1":{"start":{"line":2,"column":17},"end":{"line":2,"column":37}},"2":{"start":{"line":4,"column":20},"end":{"line":10,"column":1}},"3":{"start":{"line":5,"column":15},"end":{"line":5,"column":54}},"4":{"start":{"line":6,"column":2},"end":{"line":8,"column":3}},"5":{"start":{"line":7,"column":4},"end":{"line":7,"column":28}},"6":{"start":{"line":9,"column":2},"end":{"line":9,"column":27}},"7":{"start":{"line":12,"column":0},"end":{"line":12,"column":33}}},"fnMap":{"0":{"name":"(anonymous_0)","decl":{"start":{"line":4,"column":20},"end":{"line":4,"column":21}},"loc":{"start":{"line":4,"column":43},"end":{"line":10,"column":1}},"line":4}},"branchMap":{"0":{"loc":{"start":{"line":6,"column":2},"end":{"line":8,"column":3}},"type":"if","locations":[{"start":{"line":6,"column":2},"end":{"line":8,"column":3}},{"start":{},"end":{}}],"line":6}},"s":{"0":1,"1":1,"2":1,"3":9,"4":9,"5":9,"6":0,"7":1},"f":{"0":9},"b":{"0":[9,0]},"_coverageSchema":"1a1c01bbd47fc00a2c39e90264f33305004495a9","hash":"adbe57adb9ef7eae2ee2065a3e3c40e2fe50ca5c"}
,"C:\\Users\\alial\\Documents\\exadel\\budgetify\\models\\users.js": {"path":"C:\\Users\\alial\\Documents\\exadel\\budgetify\\models\\users.js","statementMap":{"0":{"start":{"line":1,"column":17},"end":{"line":1,"column":36}},"1":{"start":{"line":3,"column":19},"end":{"line":45,"column":2}},"2":{"start":{"line":47,"column":0},"end":{"line":49,"column":2}},"3":{"start":{"line":48,"column":2},"end":{"line":48,"column":33}},"4":{"start":{"line":51,"column":0},"end":{"line":51,"column":52}}},"fnMap":{"0":{"name":"(anonymous_0)","decl":{"start":{"line":47,"column":33},"end":{"line":47,"column":34}},"loc":{"start":{"line":47,"column":50},"end":{"line":49,"column":1}},"line":47}},"branchMap":{},"s":{"0":1,"1":1,"2":1,"3":12,"4":1},"f":{"0":12},"b":{},"_coverageSchema":"1a1c01bbd47fc00a2c39e90264f33305004495a9","hash":"4eb7006138ef8fafdf5948b5bac4c37670f9e0c7"}
,"C:\\Users\\alial\\Documents\\exadel\\budgetify\\public\\js\\user_repository.js": {"path":"C:\\Users\\alial\\Documents\\exadel\\budgetify\\public\\js\\user_repository.js","statementMap":{"0":{"start":{"line":1,"column":15},"end":{"line":1,"column":32}},"1":{"start":{"line":2,"column":13},"end":{"line":2,"column":42}},"2":{"start":{"line":8,"column":4},"end":{"line":14,"column":5}},"3":{"start":{"line":9,"column":19},"end":{"line":9,"column":68}},"4":{"start":{"line":10,"column":6},"end":{"line":11,"column":27}},"5":{"start":{"line":10,"column":63},"end":{"line":10,"column":78}},"6":{"start":{"line":11,"column":11},"end":{"line":11,"column":27}},"7":{"start":{"line":13,"column":6},"end":{"line":13,"column":22}},"8":{"start":{"line":18,"column":4},"end":{"line":18,"column":41}},"9":{"start":{"line":22,"column":4},"end":{"line":46,"column":5}},"10":{"start":{"line":24,"column":8},"end":{"line":24,"column":16}},"11":{"start":{"line":25,"column":6},"end":{"line":43,"column":7}},"12":{"start":{"line":26,"column":8},"end":{"line":40,"column":12}},"13":{"start":{"line":27,"column":23},"end":{"line":34,"column":12}},"14":{"start":{"line":35,"column":10},"end":{"line":35,"column":28}},"15":{"start":{"line":36,"column":10},"end":{"line":36,"column":50}},"16":{"start":{"line":38,"column":10},"end":{"line":40,"column":12}},"17":{"start":{"line":42,"column":8},"end":{"line":42,"column":43}},"18":{"start":{"line":45,"column":6},"end":{"line":45,"column":26}},"19":{"start":{"line":50,"column":4},"end":{"line":74,"column":5}},"20":{"start":{"line":51,"column":17},"end":{"line":51,"column":30}},"21":{"start":{"line":53,"column":8},"end":{"line":53,"column":16}},"22":{"start":{"line":54,"column":19},"end":{"line":54,"column":42}},"23":{"start":{"line":55,"column":6},"end":{"line":71,"column":7}},"24":{"start":{"line":56,"column":8},"end":{"line":68,"column":12}},"25":{"start":{"line":57,"column":10},"end":{"line":57,"column":27}},"26":{"start":{"line":58,"column":10},"end":{"line":58,"column":33}},"27":{"start":{"line":59,"column":10},"end":{"line":59,"column":29}},"28":{"start":{"line":60,"column":10},"end":{"line":60,"column":33}},"29":{"start":{"line":61,"column":10},"end":{"line":61,"column":56}},"30":{"start":{"line":62,"column":10},"end":{"line":62,"column":25}},"31":{"start":{"line":63,"column":10},"end":{"line":63,"column":28}},"32":{"start":{"line":64,"column":10},"end":{"line":64,"column":62}},"33":{"start":{"line":66,"column":10},"end":{"line":68,"column":12}},"34":{"start":{"line":70,"column":8},"end":{"line":70,"column":43}},"35":{"start":{"line":73,"column":6},"end":{"line":73,"column":26}},"36":{"start":{"line":78,"column":4},"end":{"line":88,"column":5}},"37":{"start":{"line":79,"column":19},"end":{"line":79,"column":53}},"38":{"start":{"line":80,"column":6},"end":{"line":85,"column":76}},"39":{"start":{"line":81,"column":8},"end":{"line":81,"column":28}},"40":{"start":{"line":82,"column":8},"end":{"line":84,"column":10}},"41":{"start":{"line":85,"column":13},"end":{"line":85,"column":76}},"42":{"start":{"line":87,"column":6},"end":{"line":87,"column":18}},"43":{"start":{"line":93,"column":18},"end":{"line":99,"column":20}},"44":{"start":{"line":100,"column":4},"end":{"line":100,"column":20}},"45":{"start":{"line":104,"column":17},"end":{"line":109,"column":20}},"46":{"start":{"line":110,"column":4},"end":{"line":110,"column":19}},"47":{"start":{"line":115,"column":19},"end":{"line":115,"column":74}},"48":{"start":{"line":116,"column":4},"end":{"line":116,"column":43}},"49":{"start":{"line":116,"column":31},"end":{"line":116,"column":43}},"50":{"start":{"line":117,"column":4},"end":{"line":117,"column":17}},"51":{"start":{"line":122,"column":2},"end":{"line":122,"column":33}},"52":{"start":{"line":126,"column":15},"end":{"line":126,"column":42}},"53":{"start":{"line":127,"column":2},"end":{"line":127,"column":35}},"54":{"start":{"line":128,"column":2},"end":{"line":128,"column":20}},"55":{"start":{"line":132,"column":15},"end":{"line":132,"column":42}},"56":{"start":{"line":133,"column":16},"end":{"line":133,"column":79}},"57":{"start":{"line":133,"column":51},"end":{"line":133,"column":78}},"58":{"start":{"line":134,"column":2},"end":{"line":134,"column":52}},"59":{"start":{"line":134,"column":18},"end":{"line":134,"column":52}},"60":{"start":{"line":135,"column":2},"end":{"line":135,"column":20}},"61":{"start":{"line":139,"column":15},"end":{"line":139,"column":42}},"62":{"start":{"line":140,"column":2},"end":{"line":140,"column":38}},"63":{"start":{"line":141,"column":2},"end":{"line":141,"column":20}},"64":{"start":{"line":145,"column":15},"end":{"line":145,"column":42}},"65":{"start":{"line":146,"column":16},"end":{"line":148,"column":3}},"66":{"start":{"line":147,"column":12},"end":{"line":147,"column":40}},"67":{"start":{"line":149,"column":2},"end":{"line":149,"column":54}},"68":{"start":{"line":149,"column":18},"end":{"line":149,"column":54}},"69":{"start":{"line":150,"column":2},"end":{"line":150,"column":20}},"70":{"start":{"line":153,"column":0},"end":{"line":160,"column":2}}},"fnMap":{"0":{"name":"(anonymous_0)","decl":{"start":{"line":5,"column":2},"end":{"line":5,"column":3}},"loc":{"start":{"line":5,"column":16},"end":{"line":5,"column":18}},"line":5},"1":{"name":"(anonymous_1)","decl":{"start":{"line":7,"column":2},"end":{"line":7,"column":3}},"loc":{"start":{"line":7,"column":42},"end":{"line":15,"column":3}},"line":7},"2":{"name":"(anonymous_2)","decl":{"start":{"line":17,"column":2},"end":{"line":17,"column":3}},"loc":{"start":{"line":17,"column":27},"end":{"line":19,"column":3}},"line":17},"3":{"name":"(anonymous_3)","decl":{"start":{"line":21,"column":2},"end":{"line":21,"column":3}},"loc":{"start":{"line":21,"column":25},"end":{"line":47,"column":3}},"line":21},"4":{"name":"(anonymous_4)","decl":{"start":{"line":49,"column":2},"end":{"line":49,"column":3}},"loc":{"start":{"line":49,"column":25},"end":{"line":75,"column":3}},"line":49},"5":{"name":"(anonymous_5)","decl":{"start":{"line":77,"column":2},"end":{"line":77,"column":3}},"loc":{"start":{"line":77,"column":25},"end":{"line":89,"column":3}},"line":77},"6":{"name":"(anonymous_6)","decl":{"start":{"line":91,"column":2},"end":{"line":91,"column":3}},"loc":{"start":{"line":91,"column":25},"end":{"line":101,"column":3}},"line":91},"7":{"name":"(anonymous_7)","decl":{"start":{"line":103,"column":2},"end":{"line":103,"column":3}},"loc":{"start":{"line":103,"column":26},"end":{"line":111,"column":3}},"line":103},"8":{"name":"(anonymous_8)","decl":{"start":{"line":113,"column":2},"end":{"line":113,"column":3}},"loc":{"start":{"line":113,"column":29},"end":{"line":118,"column":3}},"line":113},"9":{"name":"getUserById","decl":{"start":{"line":121,"column":15},"end":{"line":121,"column":26}},"loc":{"start":{"line":121,"column":31},"end":{"line":123,"column":1}},"line":121},"10":{"name":"setAccount","decl":{"start":{"line":125,"column":15},"end":{"line":125,"column":25}},"loc":{"start":{"line":125,"column":45},"end":{"line":129,"column":1}},"line":125},"11":{"name":"deleteAccount","decl":{"start":{"line":131,"column":15},"end":{"line":131,"column":28}},"loc":{"start":{"line":131,"column":48},"end":{"line":136,"column":1}},"line":131},"12":{"name":"(anonymous_12)","decl":{"start":{"line":133,"column":43},"end":{"line":133,"column":44}},"loc":{"start":{"line":133,"column":51},"end":{"line":133,"column":78}},"line":133},"13":{"name":"setCategory","decl":{"start":{"line":138,"column":15},"end":{"line":138,"column":26}},"loc":{"start":{"line":138,"column":47},"end":{"line":142,"column":1}},"line":138},"14":{"name":"deleteCategory","decl":{"start":{"line":144,"column":15},"end":{"line":144,"column":29}},"loc":{"start":{"line":144,"column":50},"end":{"line":151,"column":1}},"line":144},"15":{"name":"(anonymous_15)","decl":{"start":{"line":147,"column":4},"end":{"line":147,"column":5}},"loc":{"start":{"line":147,"column":12},"end":{"line":147,"column":40}},"line":147}},"branchMap":{"0":{"loc":{"start":{"line":10,"column":6},"end":{"line":11,"column":27}},"type":"if","locations":[{"start":{"line":10,"column":6},"end":{"line":11,"column":27}},{"start":{"line":11,"column":11},"end":{"line":11,"column":27}}],"line":10},"1":{"loc":{"start":{"line":10,"column":10},"end":{"line":10,"column":61}},"type":"binary-expr","locations":[{"start":{"line":10,"column":10},"end":{"line":10,"column":14}},{"start":{"line":10,"column":18},"end":{"line":10,"column":61}}],"line":10},"2":{"loc":{"start":{"line":25,"column":6},"end":{"line":43,"column":7}},"type":"if","locations":[{"start":{"line":25,"column":6},"end":{"line":43,"column":7}},{"start":{"line":41,"column":13},"end":{"line":43,"column":7}}],"line":25},"3":{"loc":{"start":{"line":26,"column":8},"end":{"line":40,"column":12}},"type":"if","locations":[{"start":{"line":26,"column":8},"end":{"line":40,"column":12}},{"start":{"line":38,"column":10},"end":{"line":40,"column":12}}],"line":26},"4":{"loc":{"start":{"line":55,"column":6},"end":{"line":71,"column":7}},"type":"if","locations":[{"start":{"line":55,"column":6},"end":{"line":71,"column":7}},{"start":{"line":69,"column":13},"end":{"line":71,"column":7}}],"line":55},"5":{"loc":{"start":{"line":56,"column":8},"end":{"line":68,"column":12}},"type":"if","locations":[{"start":{"line":56,"column":8},"end":{"line":68,"column":12}},{"start":{"line":66,"column":10},"end":{"line":68,"column":12}}],"line":56},"6":{"loc":{"start":{"line":80,"column":6},"end":{"line":85,"column":76}},"type":"if","locations":[{"start":{"line":80,"column":6},"end":{"line":85,"column":76}},{"start":{"line":85,"column":13},"end":{"line":85,"column":76}}],"line":80},"7":{"loc":{"start":{"line":116,"column":4},"end":{"line":116,"column":43}},"type":"if","locations":[{"start":{"line":116,"column":4},"end":{"line":116,"column":43}},{"start":{},"end":{}}],"line":116},"8":{"loc":{"start":{"line":134,"column":2},"end":{"line":134,"column":52}},"type":"if","locations":[{"start":{"line":134,"column":2},"end":{"line":134,"column":52}},{"start":{},"end":{}}],"line":134},"9":{"loc":{"start":{"line":149,"column":2},"end":{"line":149,"column":54}},"type":"if","locations":[{"start":{"line":149,"column":2},"end":{"line":149,"column":54}},{"start":{},"end":{}}],"line":149}},"s":{"0":1,"1":1,"2":1,"3":1,"4":1,"5":1,"6":0,"7":0,"8":9,"9":3,"10":3,"11":3,"12":3,"13":2,"14":2,"15":1,"16":1,"17":0,"18":1,"19":2,"20":2,"21":2,"22":2,"23":2,"24":2,"25":2,"26":2,"27":2,"28":2,"29":2,"30":2,"31":2,"32":1,"33":0,"34":0,"35":1,"36":2,"37":2,"38":1,"39":1,"40":1,"41":0,"42":1,"43":1,"44":1,"45":1,"46":1,"47":5,"48":5,"49":4,"50":1,"51":0,"52":0,"53":0,"54":0,"55":0,"56":0,"57":0,"58":0,"59":0,"60":0,"61":0,"62":0,"63":0,"64":0,"65":0,"66":0,"67":0,"68":0,"69":0,"70":1},"f":{"0":3,"1":1,"2":9,"3":3,"4":2,"5":2,"6":1,"7":1,"8":5,"9":0,"10":0,"11":0,"12":0,"13":0,"14":0,"15":0},"b":{"0":[1,0],"1":[1,1],"2":[3,0],"3":[2,1],"4":[2,0],"5":[2,0],"6":[1,0],"7":[4,1],"8":[0,0],"9":[0,0]},"_coverageSchema":"1a1c01bbd47fc00a2c39e90264f33305004495a9","hash":"35b9674f920df52a85eedbcc5e577843151f6398"}
,"C:\\Users\\alial\\Documents\\exadel\\budgetify\\routes\\admin.js": {"path":"C:\\Users\\alial\\Documents\\exadel\\budgetify\\routes\\admin.js","statementMap":{"0":{"start":{"line":1,"column":16},"end":{"line":1,"column":34}},"1":{"start":{"line":2,"column":15},"end":{"line":2,"column":31}},"2":{"start":{"line":4,"column":27},"end":{"line":4,"column":66}},"3":{"start":{"line":5,"column":17},"end":{"line":5,"column":37}},"4":{"start":{"line":7,"column":23},"end":{"line":7,"column":43}},"5":{"start":{"line":8,"column":17},"end":{"line":8,"column":35}},"6":{"start":{"line":10,"column":0},"end":{"line":10,"column":27}},"7":{"start":{"line":11,"column":0},"end":{"line":11,"column":52}},"8":{"start":{"line":13,"column":0},"end":{"line":15,"column":3}},"9":{"start":{"line":14,"column":2},"end":{"line":14,"column":41}},"10":{"start":{"line":17,"column":0},"end":{"line":17,"column":61}},"11":{"start":{"line":19,"column":0},"end":{"line":19,"column":78}},"12":{"start":{"line":21,"column":0},"end":{"line":24,"column":45}},"13":{"start":{"line":26,"column":0},"end":{"line":26,"column":79}},"14":{"start":{"line":28,"column":0},"end":{"line":28,"column":24}}},"fnMap":{"0":{"name":"(anonymous_0)","decl":{"start":{"line":13,"column":34},"end":{"line":13,"column":35}},"loc":{"start":{"line":13,"column":48},"end":{"line":15,"column":1}},"line":13}},"branchMap":{},"s":{"0":1,"1":1,"2":1,"3":1,"4":1,"5":1,"6":1,"7":1,"8":1,"9":0,"10":1,"11":1,"12":1,"13":1,"14":1},"f":{"0":0},"b":{},"_coverageSchema":"1a1c01bbd47fc00a2c39e90264f33305004495a9","hash":"1a27e5e9cbb05c2660e75c396a567455afbebd2e"}
,"C:\\Users\\alial\\Documents\\exadel\\budgetify\\routes\\sign-in.js": {"path":"C:\\Users\\alial\\Documents\\exadel\\budgetify\\routes\\sign-in.js","statementMap":{"0":{"start":{"line":1,"column":16},"end":{"line":1,"column":34}},"1":{"start":{"line":2,"column":15},"end":{"line":2,"column":31}},"2":{"start":{"line":4,"column":12},"end":{"line":4,"column":35}},"3":{"start":{"line":6,"column":27},"end":{"line":6,"column":66}},"4":{"start":{"line":7,"column":17},"end":{"line":7,"column":37}},"5":{"start":{"line":9,"column":0},"end":{"line":9,"column":27}},"6":{"start":{"line":10,"column":0},"end":{"line":10,"column":52}},"7":{"start":{"line":13,"column":0},"end":{"line":29,"column":3}},"8":{"start":{"line":14,"column":2},"end":{"line":28,"column":5}},"9":{"start":{"line":15,"column":4},"end":{"line":27,"column":5}},"10":{"start":{"line":15,"column":15},"end":{"line":15,"column":44}},"11":{"start":{"line":17,"column":22},"end":{"line":21,"column":7}},"12":{"start":{"line":22,"column":6},"end":{"line":24,"column":9}},"13":{"start":{"line":25,"column":6},"end":{"line":25,"column":22}},"14":{"start":{"line":26,"column":6},"end":{"line":26,"column":27}},"15":{"start":{"line":31,"column":0},"end":{"line":31,"column":24}}},"fnMap":{"0":{"name":"(anonymous_0)","decl":{"start":{"line":13,"column":17},"end":{"line":13,"column":18}},"loc":{"start":{"line":13,"column":31},"end":{"line":29,"column":1}},"line":13},"1":{"name":"(anonymous_1)","decl":{"start":{"line":14,"column":53},"end":{"line":14,"column":54}},"loc":{"start":{"line":14,"column":63},"end":{"line":28,"column":3}},"line":14}},"branchMap":{"0":{"loc":{"start":{"line":15,"column":4},"end":{"line":27,"column":5}},"type":"if","locations":[{"start":{"line":15,"column":4},"end":{"line":27,"column":5}},{"start":{"line":16,"column":9},"end":{"line":27,"column":5}}],"line":15}},"s":{"0":1,"1":1,"2":1,"3":1,"4":1,"5":1,"6":1,"7":1,"8":1,"9":1,"10":0,"11":1,"12":1,"13":1,"14":1,"15":1},"f":{"0":1,"1":1},"b":{"0":[0,1]},"_coverageSchema":"1a1c01bbd47fc00a2c39e90264f33305004495a9","hash":"5f735f627b28d863fa766c828f2374ddf6969d79"}
,"C:\\Users\\alial\\Documents\\exadel\\budgetify\\services\\test_server.js": {"path":"C:\\Users\\alial\\Documents\\exadel\\budgetify\\services\\test_server.js","statementMap":{"0":{"start":{"line":1,"column":16},"end":{"line":1,"column":34}},"1":{"start":{"line":2,"column":12},"end":{"line":2,"column":21}},"2":{"start":{"line":4,"column":20},"end":{"line":4,"column":46}},"3":{"start":{"line":5,"column":21},"end":{"line":5,"column":49}},"4":{"start":{"line":7,"column":0},"end":{"line":7,"column":31}},"5":{"start":{"line":8,"column":0},"end":{"line":8,"column":34}},"6":{"start":{"line":10,"column":0},"end":{"line":10,"column":21}}},"fnMap":{},"branchMap":{},"s":{"0":1,"1":1,"2":1,"3":1,"4":1,"5":1,"6":1},"f":{},"b":{},"_coverageSchema":"1a1c01bbd47fc00a2c39e90264f33305004495a9","hash":"ffcebc66192c753b872c2491b3758a39da5e95dc"}
}
