TN:
SF:auth.js
FNF:0
FNH:0
DA:1,1
DA:2,1
DA:3,1
DA:5,1
DA:7,1
DA:12,1
DA:14,1
DA:16,1
LF:8
LH:8
BRF:0
BRH:0
end_of_record
TN:
SF:guards.js
FN:1,(anonymous_0)
FN:12,(anonymous_1)
FNF:2
FNH:1
FNDA:9,(anonymous_0)
FNDA:0,(anonymous_1)
DA:1,1
DA:2,9
DA:5,9
DA:7,0
DA:9,0
DA:12,1
DA:13,0
DA:14,0
DA:17,0
DA:18,0
DA:19,0
DA:20,0
DA:21,0
DA:24,1
LF:14
LH:5
BRDA:5,0,0,9
BRDA:5,0,1,0
BRDA:5,1,0,9
BRDA:5,1,1,9
BRDA:7,2,0,0
BRDA:7,2,1,0
BRDA:17,3,0,0
BRDA:17,3,1,0
BRDA:17,4,0,0
BRDA:17,4,1,0
BRDA:17,4,2,0
BRDA:18,5,0,0
BRDA:18,5,1,0
BRDA:18,6,0,0
BRDA:18,6,1,0
BRDA:20,7,0,0
BRDA:20,7,1,0
BRF:17
BRH:3
end_of_record
TN:
SF:passport.js
FN:4,(anonymous_0)
FNF:1
FNH:1
FNDA:9,(anonymous_0)
DA:1,1
DA:2,1
DA:4,1
DA:5,9
DA:6,9
DA:7,9
DA:9,0
DA:12,1
LF:8
LH:7
BRDA:6,0,0,9
BRDA:6,0,1,0
BRF:2
BRH:1
end_of_record
TN:
SF:models\users.js
FN:47,(anonymous_0)
FNF:1
FNH:1
FNDA:12,(anonymous_0)
DA:1,1
DA:3,1
DA:47,1
DA:48,12
DA:51,1
LF:5
LH:5
BRF:0
BRH:0
end_of_record
TN:
SF:public\js\user_repository.js
FN:5,(anonymous_0)
FN:7,(anonymous_1)
FN:17,(anonymous_2)
FN:21,(anonymous_3)
FN:49,(anonymous_4)
FN:77,(anonymous_5)
FN:91,(anonymous_6)
FN:103,(anonymous_7)
FN:113,(anonymous_8)
FN:121,getUserById
FN:125,setAccount
FN:131,deleteAccount
FN:133,(anonymous_12)
FN:138,setCategory
FN:144,deleteCategory
FN:147,(anonymous_15)
FNF:16
FNH:9
FNDA:3,(anonymous_0)
FNDA:1,(anonymous_1)
FNDA:9,(anonymous_2)
FNDA:3,(anonymous_3)
FNDA:2,(anonymous_4)
FNDA:2,(anonymous_5)
FNDA:1,(anonymous_6)
FNDA:1,(anonymous_7)
FNDA:5,(anonymous_8)
FNDA:0,getUserById
FNDA:0,setAccount
FNDA:0,deleteAccount
FNDA:0,(anonymous_12)
FNDA:0,setCategory
FNDA:0,deleteCategory
FNDA:0,(anonymous_15)
DA:1,1
DA:2,1
DA:8,1
DA:9,1
DA:10,1
DA:11,0
DA:13,0
DA:18,9
DA:22,3
DA:24,3
DA:25,3
DA:26,3
DA:27,2
DA:35,2
DA:36,1
DA:38,1
DA:42,0
DA:45,1
DA:50,2
DA:51,2
DA:53,2
DA:54,2
DA:55,2
DA:56,2
DA:57,2
DA:58,2
DA:59,2
DA:60,2
DA:61,2
DA:62,2
DA:63,2
DA:64,1
DA:66,0
DA:70,0
DA:73,1
DA:78,2
DA:79,2
DA:80,1
DA:81,1
DA:82,1
DA:85,0
DA:87,1
DA:93,1
DA:100,1
DA:104,1
DA:110,1
DA:115,5
DA:116,5
DA:117,1
DA:122,0
DA:126,0
DA:127,0
DA:128,0
DA:132,0
DA:133,0
DA:134,0
DA:135,0
DA:139,0
DA:140,0
DA:141,0
DA:145,0
DA:146,0
DA:147,0
DA:149,0
DA:150,0
DA:153,1
LF:66
LH:44
BRDA:10,0,0,1
BRDA:10,0,1,0
BRDA:10,1,0,1
BRDA:10,1,1,1
BRDA:25,2,0,3
BRDA:25,2,1,0
BRDA:26,3,0,2
BRDA:26,3,1,1
BRDA:55,4,0,2
BRDA:55,4,1,0
BRDA:56,5,0,2
BRDA:56,5,1,0
BRDA:80,6,0,1
BRDA:80,6,1,0
BRDA:116,7,0,4
BRDA:116,7,1,1
BRDA:134,8,0,0
BRDA:134,8,1,0
BRDA:149,9,0,0
BRDA:149,9,1,0
BRF:20
BRH:11
end_of_record
TN:
SF:routes\admin.js
FN:13,(anonymous_0)
FNF:1
FNH:0
FNDA:0,(anonymous_0)
DA:1,1
DA:2,1
DA:4,1
DA:5,1
DA:7,1
DA:8,1
DA:10,1
DA:11,1
DA:13,1
DA:14,0
DA:17,1
DA:19,1
DA:21,1
DA:26,1
DA:28,1
LF:15
LH:14
BRF:0
BRH:0
end_of_record
TN:
SF:routes\sign-in.js
FN:13,(anonymous_0)
FN:14,(anonymous_1)
FNF:2
FNH:2
FNDA:1,(anonymous_0)
FNDA:1,(anonymous_1)
DA:1,1
DA:2,1
DA:4,1
DA:6,1
DA:7,1
DA:9,1
DA:10,1
DA:13,1
DA:14,1
DA:15,1
DA:17,1
DA:22,1
DA:25,1
DA:26,1
DA:31,1
LF:15
LH:15
BRDA:15,0,0,0
BRDA:15,0,1,1
BRF:2
BRH:1
end_of_record
TN:
SF:services\test_server.js
FNF:0
FNH:0
DA:1,1
DA:2,1
DA:4,1
DA:5,1
DA:7,1
DA:8,1
DA:10,1
LF:7
LH:7
BRF:0
BRH:0
end_of_record
